C:\Dvip\plantric-root\venv\lib\site-packages\transformers\utils\hub.py:128: FutureWarning: Using `TRANSFORMERS_CACHE` is deprecated and will be removed in v5 of Transformers. Use `HF_HOME` instead.
  warnings.warn(
Traceback (most recent call last):
  File "scripts\classifier\finetune\train_multitask_deberta.py", line 39, in <module>
    from peft import LoraConfig, get_peft_model
  File "C:\Dvip\plantric-root\venv\lib\site-packages\peft\__init__.py", line 22, in <module>
    from .auto import (
  File "C:\Dvip\plantric-root\venv\lib\site-packages\peft\auto.py", line 31, in <module>
    from .config import PeftConfig
  File "C:\Dvip\plantric-root\venv\lib\site-packages\peft\config.py", line 24, in <module>
    from .utils import CONFIG_NAME, PeftType, TaskType
  File "C:\Dvip\plantric-root\venv\lib\site-packages\peft\utils\__init__.py", line 23, in <module>
    from .other import (
  File "C:\Dvip\plantric-root\venv\lib\site-packages\peft\utils\other.py", line 33, in <module>
    from .constants import (
  File "C:\Dvip\plantric-root\venv\lib\site-packages\peft\utils\constants.py", line 16, in <module>
    from transformers import BloomPreTrainedModel
  File "<frozen importlib._bootstrap>", line 1039, in _handle_fromlist
  File "C:\Dvip\plantric-root\venv\lib\site-packages\transformers\utils\import_utils.py", line 1767, in __getattr__
    value = getattr(module, name)
  File "C:\Dvip\plantric-root\venv\lib\site-packages\transformers\utils\import_utils.py", line 1766, in __getattr__
    module = self._get_module(self._class_to_module[name])
  File "C:\Dvip\plantric-root\venv\lib\site-packages\transformers\utils\import_utils.py", line 1778, in _get_module
    return importlib.import_module("." + module_name, self.__name__)
  File "C:\Users\Farza\AppData\Local\Programs\Python\Python38\lib\importlib\__init__.py", line 127, in import_module
    return _bootstrap._gcd_import(name[level:], package, level)
  File "C:\Dvip\plantric-root\venv\lib\site-packages\transformers\models\bloom\modeling_bloom.py", line 38, in <module>
    from ...modeling_utils import PreTrainedModel
  File "C:\Dvip\plantric-root\venv\lib\site-packages\transformers\modeling_utils.py", line 48, in <module>
    from .loss.loss_utils import LOSS_MAPPING
  File "C:\Dvip\plantric-root\venv\lib\site-packages\transformers\loss\loss_utils.py", line 19, in <module>
    from .loss_deformable_detr import DeformableDetrForObjectDetectionLoss, DeformableDetrForSegmentationLoss
  File "C:\Dvip\plantric-root\venv\lib\site-packages\transformers\loss\loss_deformable_detr.py", line 4, in <module>
    from ..image_transforms import center_to_corners_format
  File "C:\Dvip\plantric-root\venv\lib\site-packages\transformers\image_transforms.py", line 22, in <module>
    from .image_utils import (
  File "C:\Dvip\plantric-root\venv\lib\site-packages\transformers\image_utils.py", line 58, in <module>
    from torchvision.transforms import InterpolationMode
  File "C:\Dvip\plantric-root\venv\lib\site-packages\torchvision\__init__.py", line 6, in <module>
    from torchvision import _meta_registrations, datasets, io, models, ops, transforms, utils
  File "C:\Dvip\plantric-root\venv\lib\site-packages\torchvision\models\__init__.py", line 1, in <module>
    from .alexnet import *
  File "<frozen importlib._bootstrap>", line 991, in _find_and_load
  File "<frozen importlib._bootstrap>", line 971, in _find_and_load_unlocked
  File "<frozen importlib._bootstrap>", line 914, in _find_spec
  File "<frozen importlib._bootstrap_external>", line 1342, in find_spec
  File "<frozen importlib._bootstrap_external>", line 1314, in _get_spec
  File "<frozen importlib._bootstrap_external>", line 1443, in find_spec
  File "<frozen importlib._bootstrap_external>", line 1505, in _fill_cache
KeyboardInterrupt
^C