C:\Dvip\plantric-root\venv\lib\site-packages\huggingface_hub\file_download.py:943: FutureWarning: `resume_download` is deprecated and will be removed in version 1.0.0. Downloads always resume when possible. If you want to force a new download, use `force_download=True`.
  warnings.warn(
[init] Working directory: C:\Dvip\plantric-root

======================================================================
[data] Loading datasets...
======================================================================

[OK] Contextual: 3284 samples
[OK] F/NFR train: 8747 samples
[OK] F/NFR dev: 1093 samples
[OK] Synthetic non-req: 4961 samples

[combined] train=15506 dev=2579

======================================================================
[model] sentence-transformers/paraphrase-mpnet-base-v2
[lora] targets: ['q', 'k', 'v']
======================================================================

[encoder] Embedding dimension: 768
[data] train=15506 dev=2579
[task1] req_pos=10379/15506
[task2] func_pos=5449/8747
[task3] amb_pos=245/2689

======================================================================
[train] Multi-task LoRA fine-tuning
======================================================================

[ep 01] req_f1=0.777 req_acc=0.743 | func_f1=0.847 | amb_f1=0.000
[best] req_f1=0.777 
[ep 02] req_f1=0.809 req_acc=0.777 | func_f1=0.862 | amb_f1=0.000
[best] req_f1=0.809 
[ep 03] req_f1=0.821 req_acc=0.800 | func_f1=0.857 | amb_f1=0.000
[best] req_f1=0.821 
[ep 04] req_f1=0.829 req_acc=0.811 | func_f1=0.854 | amb_f1=0.000
[best] req_f1=0.829 
[ep 05] req_f1=0.840 req_acc=0.817 | func_f1=0.858 | amb_f1=0.000
[best] req_f1=0.840 
[ep 06] req_f1=0.827 req_acc=0.807 | func_f1=0.862 | amb_f1=0.000
[ep 07] req_f1=0.841 req_acc=0.821 | func_f1=0.874 | amb_f1=0.000
[best] req_f1=0.841 
[ep 08] req_f1=0.853 req_acc=0.835 | func_f1=0.856 | amb_f1=0.000
[best] req_f1=0.853 
[ep 09] req_f1=0.843 req_acc=0.824 | func_f1=0.870 | amb_f1=0.000
[ep 10] req_f1=0.850 req_acc=0.826 | func_f1=0.873 | amb_f1=0.000
[done] saved -> classifier\models\multitask_deberta_lora\20260207_051939\paraphrase-mpnet

======================================================================
[done] Model saved -> classifier\models\multitask_deberta_lora\20260207_051939\paraphrase-mpnet
======================================================================

