Traceback (most recent call last):
  File "scripts\classifier\finetune\train_multitask_deberta.py", line 35, in <module>
    from transformers import AutoTokenizer, AutoModel
  File "C:\Dvip\plantric-root\venv\lib\site-packages\transformers\__init__.py", line 26, in <module>
    from . import dependency_versions_check
  File "C:\Dvip\plantric-root\venv\lib\site-packages\transformers\dependency_versions_check.py", line 17, in <module>
    from .utils.versions import require_version, require_version_core
  File "C:\Dvip\plantric-root\venv\lib\site-packages\transformers\utils\__init__.py", line 30, in <module>
    from .generic import (
  File "C:\Dvip\plantric-root\venv\lib\site-packages\transformers\utils\generic.py", line 29, in <module>
    from .import_utils import is_flax_available, is_tf_available, is_torch_available, is_torch_fx_proxy
  File "C:\Dvip\plantric-root\venv\lib\site-packages\transformers\utils\import_utils.py", line 33, in <module>
    from . import logging
  File "C:\Dvip\plantric-root\venv\lib\site-packages\transformers\utils\logging.py", line 35, in <module>
    import huggingface_hub.utils as hf_hub_utils
  File "C:\Dvip\plantric-root\venv\lib\site-packages\huggingface_hub\utils\__init__.py", line 18, in <module>
    from huggingface_hub.errors import (
  File "C:\Dvip\plantric-root\venv\lib\site-packages\huggingface_hub\errors.py", line 6, in <module>
    from requests import HTTPError, Response
  File "C:\Dvip\plantric-root\venv\lib\site-packages\requests\__init__.py", line 43, in <module>
    import urllib3
  File "C:\Dvip\plantric-root\venv\lib\site-packages\urllib3\__init__.py", line 15, in <module>
    from ._base_connection import _TYPE_BODY
  File "C:\Dvip\plantric-root\venv\lib\site-packages\urllib3\_base_connection.py", line 5, in <module>
    from .util.connection import _TYPE_SOCKET_OPTIONS
  File "C:\Dvip\plantric-root\venv\lib\site-packages\urllib3\util\__init__.py", line 8, in <module>
    from .ssl_ import (
  File "<frozen importlib._bootstrap>", line 991, in _find_and_load
  File "<frozen importlib._bootstrap>", line 971, in _find_and_load_unlocked
  File "<frozen importlib._bootstrap>", line 914, in _find_spec
  File "<frozen importlib._bootstrap_external>", line 1342, in find_spec
  File "<frozen importlib._bootstrap_external>", line 1314, in _get_spec
  File "<frozen importlib._bootstrap_external>", line 1439, in find_spec
  File "<frozen importlib._bootstrap_external>", line 87, in _path_stat
KeyboardInterrupt
^C