C:\Dvip\plantric-root\venv\lib\site-packages\huggingface_hub\file_download.py:943: FutureWarning: `resume_download` is deprecated and will be removed in version 1.0.0. Downloads always resume when possible. If you want to force a new download, use `force_download=True`.
  warnings.warn(
Special tokens have been added in the vocabulary, make sure the associated word embeddings are fine-tuned or trained.
Some weights of the model checkpoint at microsoft/deberta-v3-base were not used when initializing DebertaV2Model: ['mask_predictions.LayerNorm.bias', 'lm_predictions.lm_head.bias', 'lm_predictions.lm_head.dense.weight', 'lm_predictions.lm_head.LayerNorm.weight', 'lm_predictions.lm_head.LayerNorm.bias', 'mask_predictions.classifier.weight', 'mask_predictions.LayerNorm.weight', 'mask_predictions.dense.weight', 'mask_predictions.classifier.bias', 'lm_predictions.lm_head.dense.bias', 'mask_predictions.dense.bias']
- This IS expected if you are initializing DebertaV2Model from the checkpoint of a model trained on another task or with another architecture (e.g. initializing a BertForSequenceClassification model from a BertForPreTraining model).
- This IS NOT expected if you are initializing DebertaV2Model from the checkpoint of a model that you expect to be exactly identical (initializing a BertForSequenceClassification model from a BertForSequenceClassification model).
[init] Working directory: C:\Dvip\plantric-root

======================================================================
[data] Loading datasets...
======================================================================

[OK] Contextual: 3284 samples
[OK] F/NFR train: 8747 samples
[OK] F/NFR dev: 1093 samples
[OK] Synthetic non-req: 4961 samples

[combined] train=15506 dev=2579

======================================================================
[model] microsoft/deberta-v3-base
[lora] targets: ['query_proj', 'key_proj', 'value_proj']
======================================================================

[encoder] Embedding dimension: 768
[data] train=15506 dev=2579
[task1] req_pos=10379/15506
[task2] func_pos=5449/8747
[task3] amb_pos=245/2689

======================================================================
[train] Multi-task LoRA fine-tuning
======================================================================

[ep 01] req_f1=0.795 req_acc=0.770 | func_f1=0.826 | amb_f1=0.000
[best] req_f1=0.795 
[ep 02] req_f1=0.823 req_acc=0.801 | func_f1=0.840 | amb_f1=0.000
[best] req_f1=0.823 
[ep 03] req_f1=0.825 req_acc=0.812 | func_f1=0.850 | amb_f1=0.000
[best] req_f1=0.825 
[ep 04] req_f1=0.824 req_acc=0.812 | func_f1=0.846 | amb_f1=0.000
[ep 05] req_f1=0.838 req_acc=0.827 | func_f1=0.855 | amb_f1=0.000
[best] req_f1=0.838 
[ep 06] req_f1=0.838 req_acc=0.828 | func_f1=0.863 | amb_f1=0.000
[ep 07] req_f1=0.836 req_acc=0.824 | func_f1=0.876 | amb_f1=0.000
[ep 08] req_f1=0.837 req_acc=0.829 | func_f1=0.848 | amb_f1=0.000
[stop] early stopping (patience=3)
[done] saved -> classifier\models\multitask_deberta_lora\20260207_054327\deberta

======================================================================
[done] Model saved -> classifier\models\multitask_deberta_lora\20260207_054327\deberta
======================================================================

