C:\Dvip\plantric-root\venv\lib\site-packages\huggingface_hub\file_download.py:943: FutureWarning: `resume_download` is deprecated and will be removed in version 1.0.0. Downloads always resume when possible. If you want to force a new download, use `force_download=True`.
  warnings.warn(
[init] Working directory: C:\Dvip\plantric-root

======================================================================
[data] Loading datasets...
======================================================================

[OK] Contextual: 3284 samples
[OK] F/NFR train: 8747 samples
[OK] F/NFR dev: 1093 samples
[OK] Synthetic non-req: 4961 samples

[combined] train=15506 dev=2579

======================================================================
[model] sentence-transformers/all-MiniLM-L12-v2
[lora] targets: ['q', 'k', 'v']
======================================================================

[encoder] Embedding dimension: 384
Traceback (most recent call last):
  File "scripts\classifier\finetune\train_multitask_deberta.py", line 682, in <module>
    main()
  File "scripts\classifier\finetune\train_multitask_deberta.py", line 675, in main
    train_multitask(samples_train, samples_dev, args, run_root, args.model)
  File "scripts\classifier\finetune\train_multitask_deberta.py", line 342, in train_multitask
    encoder = get_peft_model(base_encoder, lora_cfg)
  File "C:\Dvip\plantric-root\venv\lib\site-packages\peft\mapping.py", line 98, in get_peft_model
    return MODEL_TYPE_TO_PEFT_MODEL_MAPPING[peft_config.task_type](model, peft_config, adapter_name=adapter_name)
  File "C:\Dvip\plantric-root\venv\lib\site-packages\peft\peft_model.py", line 1660, in __init__
    super().__init__(model, peft_config, adapter_name)
  File "C:\Dvip\plantric-root\venv\lib\site-packages\peft\peft_model.py", line 112, in __init__
    self.base_model = PEFT_TYPE_TO_MODEL_MAPPING[peft_config.peft_type](
  File "C:\Dvip\plantric-root\venv\lib\site-packages\peft\tuners\lora.py", line 180, in __init__
    self.add_adapter(adapter_name, self.peft_config[adapter_name])
  File "C:\Dvip\plantric-root\venv\lib\site-packages\peft\tuners\lora.py", line 194, in add_adapter
    self._find_and_replace(adapter_name)
  File "C:\Dvip\plantric-root\venv\lib\site-packages\peft\tuners\lora.py", line 356, in _find_and_replace
    raise ValueError(
ValueError: Target modules ['q', 'k', 'v'] not found in the base model. Please check the target modules and try again.
