C:\Dvip\plantric-root\venv\lib\site-packages\huggingface_hub\file_download.py:943: FutureWarning: `resume_download` is deprecated and will be removed in version 1.0.0. Downloads always resume when possible. If you want to force a new download, use `force_download=True`.
  warnings.warn(
Some weights of the model checkpoint at microsoft/mpnet-base were not used when initializing MPNetModel: ['lm_head.decoder.bias', 'lm_head.bias', 'lm_head.layer_norm.bias', 'lm_head.decoder.weight', 'lm_head.dense.weight', 'lm_head.dense.bias', 'lm_head.layer_norm.weight']
- This IS expected if you are initializing MPNetModel from the checkpoint of a model trained on another task or with another architecture (e.g. initializing a BertForSequenceClassification model from a BertForPreTraining model).
- This IS NOT expected if you are initializing MPNetModel from the checkpoint of a model that you expect to be exactly identical (initializing a BertForSequenceClassification model from a BertForSequenceClassification model).
Some weights of MPNetModel were not initialized from the model checkpoint at microsoft/mpnet-base and are newly initialized: ['mpnet.pooler.dense.weight', 'mpnet.pooler.dense.bias']
You should probably TRAIN this model on a down-stream task to be able to use it for predictions and inference.
[init] Working directory: C:\Dvip\plantric-root

======================================================================
[data] Loading datasets...
======================================================================

[OK] Contextual: 3284 samples
[OK] F/NFR train: 8747 samples
[OK] F/NFR dev: 1093 samples
[OK] Synthetic non-req: 4961 samples

[combined] train=15506 dev=2579

======================================================================
[model] microsoft/mpnet-base
[lora] targets: ['q', 'k', 'v']
======================================================================

[encoder] Embedding dimension: 768
[data] train=15506 dev=2579
[task1] req_pos=10379/15506
[task2] func_pos=5449/8747
[task3] amb_pos=245/2689

======================================================================
[train] Multi-task LoRA fine-tuning
======================================================================

[ep 01] req_f1=0.781 req_acc=0.758 | func_f1=0.839 | amb_f1=0.000
[best] req_f1=0.781 
[ep 02] req_f1=0.800 req_acc=0.788 | func_f1=0.827 | amb_f1=0.000
[best] req_f1=0.800 
[ep 03] req_f1=0.800 req_acc=0.789 | func_f1=0.840 | amb_f1=0.000
[best] req_f1=0.800 
[ep 04] req_f1=0.810 req_acc=0.802 | func_f1=0.832 | amb_f1=0.000
[best] req_f1=0.810 
[ep 05] req_f1=0.833 req_acc=0.822 | func_f1=0.827 | amb_f1=0.000
[best] req_f1=0.833 
[ep 06] req_f1=0.828 req_acc=0.820 | func_f1=0.839 | amb_f1=0.000
[ep 07] req_f1=0.838 req_acc=0.827 | func_f1=0.865 | amb_f1=0.000
[best] req_f1=0.838 
[ep 08] req_f1=0.833 req_acc=0.829 | func_f1=0.828 | amb_f1=0.000
[ep 09] req_f1=0.837 req_acc=0.828 | func_f1=0.858 | amb_f1=0.000
[ep 10] req_f1=0.839 req_acc=0.826 | func_f1=0.867 | amb_f1=0.000
[best] req_f1=0.839 
[done] saved -> classifier\models\multitask_deberta_lora\20260207_045813\mpnet

======================================================================
[done] Model saved -> classifier\models\multitask_deberta_lora\20260207_045813\mpnet
======================================================================

